TN:
SF:C:\Users\User\Projects\Andela\wayfarer-api\src/index.js
FN:10,(anonymous_0)
FNF:1
FNH:1
FNDA:1,(anonymous_0)
DA:1,1
DA:2,1
DA:3,1
DA:5,1
DA:6,1
DA:7,1
DA:10,1
DA:12,1
LF:8
LH:8
BRF:0
BRH:0
end_of_record
TN:
SF:C:\Users\User\Projects\Andela\wayfarer-api\src\controllers/Booking.js
FN:5,(anonymous_0)
FN:26,(anonymous_3)
FN:107,(anonymous_8)
FN:193,(anonymous_17)
FNF:4
FNH:1
FNDA:9,(anonymous_0)
FNDA:0,(anonymous_3)
FNDA:0,(anonymous_8)
FNDA:0,(anonymous_17)
DA:1,1
DA:2,1
DA:3,1
DA:5,20
DA:14,0
DA:15,0
DA:18,0
DA:22,0
DA:24,0
DA:26,0
DA:27,0
DA:33,0
DA:34,0
DA:35,0
DA:36,0
DA:38,0
DA:41,0
DA:46,0
DA:54,0
DA:55,0
DA:56,0
DA:57,0
DA:58,0
DA:59,0
DA:60,0
DA:61,0
DA:62,0
DA:63,0
DA:64,0
DA:65,0
DA:94,0
DA:95,0
DA:100,0
DA:101,0
DA:103,0
DA:104,0
DA:107,0
DA:140,0
DA:142,0
DA:149,0
DA:150,0
DA:151,0
DA:152,0
DA:153,0
DA:154,0
DA:155,0
DA:156,0
DA:157,0
DA:172,0
DA:174,0
DA:175,0
DA:183,0
DA:184,0
DA:186,0
DA:189,0
DA:191,0
DA:193,0
DA:194,0
DA:200,0
DA:201,0
DA:203,0
DA:206,0
DA:210,0
DA:216,0
DA:217,0
DA:228,0
DA:230,0
DA:237,0
DA:238,0
DA:249,1
LF:70
LH:5
BRDA:5,0,0,1
BRDA:5,0,1,0
BRDA:5,0,2,0
BRDA:5,0,3,0
BRDA:5,0,4,0
BRDA:5,0,5,0
BRDA:5,0,6,0
BRDA:5,0,7,0
BRDA:5,0,8,0
BRDA:5,0,9,0
BRDA:5,0,10,0
BRDA:5,0,11,0
BRDA:5,0,12,0
BRDA:5,0,13,0
BRDA:5,0,14,1
BRDA:5,1,0,0
BRDA:5,1,1,1
BRDA:33,2,0,0
BRDA:33,2,1,0
BRDA:35,3,0,0
BRDA:35,3,1,0
BRDA:5,4,0,0
BRDA:5,4,1,0
BRDA:5,4,2,0
BRDA:5,4,3,0
BRDA:5,4,4,0
BRDA:5,4,5,0
BRDA:5,4,6,0
BRDA:5,4,7,0
BRDA:5,5,0,0
BRDA:5,5,1,0
BRDA:5,5,2,0
BRDA:5,5,3,0
BRDA:5,5,4,0
BRDA:5,5,5,0
BRDA:5,6,0,0
BRDA:5,6,1,0
BRDA:5,6,2,0
BRDA:5,6,3,0
BRDA:5,6,4,0
BRDA:5,6,5,0
BRDA:5,6,6,0
BRDA:5,6,7,0
BRDA:5,6,8,0
BRDA:5,6,9,0
BRDA:5,6,10,0
BRDA:200,7,0,0
BRDA:200,7,1,0
BRDA:211,8,0,0
BRDA:211,8,1,0
BRDA:5,9,0,0
BRDA:5,9,1,0
BRDA:5,9,2,0
BRDA:5,9,3,0
BRDA:5,9,4,0
BRF:55
BRH:3
end_of_record
TN:
SF:C:\Users\User\Projects\Andela\wayfarer-api\src\controllers/Bus.js
FN:4,(anonymous_0)
FNF:1
FNH:1
FNDA:22,(anonymous_0)
DA:1,1
DA:2,1
DA:4,75
DA:17,3
DA:22,3
DA:32,2
DA:33,2
DA:53,1
DA:55,1
DA:56,1
DA:73,1
LF:11
LH:11
BRDA:4,0,0,3
BRDA:4,0,1,3
BRDA:4,0,2,2
BRDA:4,0,3,1
BRDA:4,0,4,0
BRDA:4,0,5,0
BRDA:4,0,6,3
BRDA:4,1,0,3
BRDA:4,1,1,1
BRDA:6,2,0,3
BRDA:6,2,1,3
BRDA:6,2,2,3
BRDA:6,2,3,3
BRDA:6,2,4,3
BRDA:4,3,0,1
BRDA:4,3,1,1
BRDA:4,3,2,0
BRDA:4,3,3,0
BRDA:4,3,4,1
BRF:19
BRH:15
end_of_record
TN:
SF:C:\Users\User\Projects\Andela\wayfarer-api\src\controllers/Search.js
FN:3,(anonymous_0)
FNF:1
FNH:1
FNDA:1,(anonymous_0)
DA:1,1
DA:3,3
DA:5,0
DA:6,0
DA:12,0
DA:13,0
DA:31,1
LF:7
LH:3
BRDA:3,0,0,0
BRDA:3,0,1,0
BRDA:3,0,2,0
BRDA:3,0,3,0
BRDA:3,0,4,0
BRF:5
BRH:0
end_of_record
TN:
SF:C:\Users\User\Projects\Andela\wayfarer-api\src\controllers/Trip.js
FN:4,(anonymous_0)
FN:62,(anonymous_7)
FNF:2
FNH:1
FNDA:12,(anonymous_0)
FNDA:0,(anonymous_7)
DA:1,1
DA:2,1
DA:4,33
DA:17,1
DA:18,1
DA:21,0
DA:26,0
DA:37,0
DA:38,0
DA:39,0
DA:40,0
DA:41,0
DA:42,0
DA:43,0
DA:44,0
DA:58,0
DA:60,0
DA:62,0
DA:128,0
DA:129,0
DA:132,0
DA:143,0
DA:145,0
DA:146,0
DA:160,1
LF:25
LH:6
BRDA:4,0,0,2
BRDA:4,0,1,1
BRDA:4,0,2,1
BRDA:4,0,3,0
BRDA:4,0,4,0
BRDA:4,0,5,0
BRDA:4,0,6,0
BRDA:4,0,7,2
BRDA:4,1,0,1
BRDA:4,1,1,2
BRDA:6,2,0,2
BRDA:6,2,1,1
BRDA:6,2,2,1
BRDA:6,2,3,1
BRDA:6,2,4,1
BRDA:4,3,0,0
BRDA:4,3,1,0
BRDA:4,3,2,0
BRDA:4,3,3,0
BRDA:4,3,4,0
BRDA:4,4,0,0
BRDA:4,4,1,0
BRDA:4,4,2,0
BRDA:4,4,3,0
BRDA:4,4,4,0
BRDA:4,4,5,0
BRF:26
BRH:11
end_of_record
TN:
SF:C:\Users\User\Projects\Andela\wayfarer-api\src\controllers/User.js
FN:5,(anonymous_0)
FNF:1
FNH:1
FNDA:25,(anonymous_0)
DA:1,1
DA:2,1
DA:3,1
DA:5,99
DA:21,0
DA:23,0
DA:28,0
DA:39,0
DA:40,0
DA:42,0
DA:43,0
DA:44,0
DA:45,0
DA:77,2
DA:79,2
DA:92,1
DA:94,1
DA:95,1
DA:96,1
DA:97,1
DA:111,0
DA:118,1
LF:22
LH:12
BRDA:5,0,0,2
BRDA:5,0,1,1
BRDA:5,0,2,0
BRDA:5,0,3,0
BRDA:5,0,4,0
BRDA:5,0,5,0
BRDA:5,0,6,0
BRDA:5,0,7,2
BRDA:5,1,0,9
BRDA:5,1,1,4
BRDA:7,2,0,2
BRDA:7,2,1,2
BRDA:7,2,2,2
BRDA:7,2,3,1
BRDA:5,3,0,3
BRDA:5,3,1,3
BRDA:5,3,2,2
BRDA:5,3,3,2
BRDA:5,3,4,2
BRDA:5,3,5,1
BRDA:5,3,6,0
BRDA:5,3,7,0
BRDA:5,3,8,3
BRDA:65,4,0,3
BRDA:65,4,1,3
BRDA:5,5,0,0
BRDA:5,5,1,0
BRDA:5,5,2,0
BRF:28
BRH:18
end_of_record
TN:
SF:C:\Users\User\Projects\Andela\wayfarer-api\src\controllers\utils/AuthHelper.js
FN:4,hashPassword
FNF:1
FNH:1
FNDA:11,hashPassword
DA:1,1
DA:2,1
DA:4,1
DA:6,1
DA:10,2
DA:14,4
DA:19,4
DA:24,4
DA:28,1
LF:9
LH:9
BRF:0
BRH:0
end_of_record
TN:
SF:C:\Users\User\Projects\Andela\wayfarer-api\src\controllers\utils/BookingHelper.js
FN:3,getAvailableSeat
FNF:1
FNH:0
FNDA:0,getAvailableSeat
DA:3,1
DA:5,0
DA:6,0
DA:7,0
DA:9,0
DA:10,0
DA:13,0
DA:15,0
DA:17,0
DA:18,0
DA:21,0
DA:25,0
DA:26,0
DA:27,0
DA:29,0
DA:33,1
LF:16
LH:2
BRDA:18,0,0,0
BRDA:18,0,1,0
BRDA:25,1,0,0
BRDA:25,1,1,0
BRF:4
BRH:0
end_of_record
TN:
SF:C:\Users\User\Projects\Andela\wayfarer-api\src\database/index.js
FN:12,(anonymous_0)
FN:16,query
FN:18,(anonymous_2)
FN:20,(anonymous_3)
FN:23,(anonymous_4)
FNF:5
FNH:5
FNDA:2,(anonymous_0)
FNDA:15,query
FNDA:15,(anonymous_2)
FNDA:14,(anonymous_3)
FNDA:1,(anonymous_4)
DA:1,1
DA:2,1
DA:4,1
DA:8,1
DA:12,1
DA:16,1
DA:18,15
DA:19,15
DA:21,14
DA:24,1
LF:10
LH:10
BRF:0
BRH:0
end_of_record
TN:
SF:C:\Users\User\Projects\Andela\wayfarer-api\src\middleware/admin.js
FN:2,_default
FNF:1
FNH:1
FNDA:6,_default
DA:2,1
DA:6,6
DA:7,6
LF:3
LH:3
BRDA:6,0,0,0
BRDA:6,0,1,6
BRF:2
BRH:1
end_of_record
TN:
SF:C:\Users\User\Projects\Andela\wayfarer-api\src\middleware/auth.js
FN:5,_callee
FNF:1
FNH:1
FNDA:36,_callee
DA:1,1
DA:2,1
DA:5,187
DA:11,12
DA:12,0
DA:13,0
DA:14,12
DA:15,0
DA:16,0
DA:17,12
DA:19,0
DA:20,12
DA:21,7
DA:31,7
DA:33,7
DA:34,7
DA:38,7
DA:46,7
DA:48,0
LF:19
LH:13
BRDA:5,0,0,12
BRDA:5,0,1,7
BRDA:5,0,2,7
BRDA:5,0,3,7
BRDA:5,0,4,0
BRDA:5,0,5,7
BRDA:5,0,6,12
BRDA:11,1,0,0
BRDA:11,1,1,12
BRDA:14,2,0,0
BRDA:14,2,1,12
BRDA:17,3,0,0
BRDA:17,3,1,12
BRDA:20,4,0,7
BRDA:20,4,1,5
BRDA:5,5,0,14
BRDA:5,5,1,5
BRF:17
BRH:13
end_of_record
TN:
SF:C:\Users\User\Projects\Andela\wayfarer-api\src\routes/index.js
FN:12,_default
FN:43,(anonymous_1)
FNF:2
FNH:1
FNDA:1,_default
FNDA:0,(anonymous_1)
DA:1,1
DA:2,1
DA:3,1
DA:4,1
DA:5,1
DA:6,1
DA:7,1
DA:8,1
DA:10,1
DA:12,1
DA:13,1
DA:14,1
DA:17,1
DA:18,1
DA:19,1
DA:22,1
DA:23,1
DA:26,1
DA:27,1
DA:29,1
DA:32,1
DA:33,1
DA:34,1
DA:35,1
DA:36,1
DA:39,1
DA:41,1
DA:43,1
LF:28
LH:28
BRF:0
BRH:0
end_of_record
